[2018-07-24 09:55:03] laravel.EMERGENCY: Unable to create configured logger. Using emergency logger. {"exception":"[object] (InvalidArgumentException(code: 0): Log [] is not defined. at /Users/ngunguoksiong/color-admin/admin/template/template_laravel_startup/vendor/laravel/framework/src/Illuminate/Log/LogManager.php:181)
[stacktrace]
#0 /Users/ngunguoksiong/color-admin/admin/template/template_laravel_startup/vendor/laravel/framework/src/Illuminate/Log/LogManager.php(115): Illuminate\\Log\\LogManager->resolve(NULL)
#1 /Users/ngunguoksiong/color-admin/admin/template/template_laravel_startup/vendor/laravel/framework/src/Illuminate/Log/LogManager.php(103): Illuminate\\Log\\LogManager->get(NULL)
#2 /Users/ngunguoksiong/color-admin/admin/template/template_laravel_startup/vendor/laravel/framework/src/Illuminate/Log/LogManager.php(519): Illuminate\\Log\\LogManager->driver()
#3 /Users/ngunguoksiong/color-admin/admin/template/template_laravel_startup/vendor/laravel/framework/src/Illuminate/Foundation/Exceptions/Handler.php(113): Illuminate\\Log\\LogManager->error('View [pages.das...', Array)
#4 /Users/ngunguoksiong/color-admin/admin/template/template_laravel_startup/app/Exceptions/Handler.php(35): Illuminate\\Foundation\\Exceptions\\Handler->report(Object(InvalidArgumentException))
#5 /Users/ngunguoksiong/color-admin/admin/template/template_laravel_startup/vendor/laravel/framework/src/Illuminate/Routing/Pipeline.php(81): App\\Exceptions\\Handler->report(Object(InvalidArgumentException))
#6 /Users/ngunguoksiong/color-admin/admin/template/template_laravel_startup/vendor/laravel/framework/src/Illuminate/Routing/Pipeline.php(32): Illuminate\\Routing\\Pipeline->handleException(Object(Illuminate\\Http\\Request), Object(InvalidArgumentException))
#7 /Users/ngunguoksiong/color-admin/admin/template/template_laravel_startup/vendor/laravel/framework/src/Illuminate/Routing/Middleware/SubstituteBindings.php(41): Illuminate\\Routing\\Pipeline->Illuminate\\Routing\\{closure}(Object(Illuminate\\Http\\Request))
#8 /Users/ngunguoksiong/color-admin/admin/template/template_laravel_startup/vendor/laravel/framework/src/Illuminate/Pipeline/Pipeline.php(149): Illuminate\\Routing\\Middleware\\SubstituteBindings->handle(Object(Illuminate\\Http\\Request), Object(Closure))
#9 /Users/ngunguoksiong/color-admin/admin/template/template_laravel_startup/vendor/laravel/framework/src/Illuminate/Routing/Pipeline.php(53): Illuminate\\Pipeline\\Pipeline->Illuminate\\Pipeline\\{closure}(Object(Illuminate\\Http\\Request))
#10 /Users/ngunguoksiong/color-admin/admin/template/template_laravel_startup/vendor/laravel/framework/src/Illuminate/Foundation/Http/Middleware/VerifyCsrfToken.php(67): Illuminate\\Routing\\Pipeline->Illuminate\\Routing\\{closure}(Object(Illuminate\\Http\\Request))
#11 /Users/ngunguoksiong/color-admin/admin/template/template_laravel_startup/vendor/laravel/framework/src/Illuminate/Pipeline/Pipeline.php(149): Illuminate\\Foundation\\Http\\Middleware\\VerifyCsrfToken->handle(Object(Illuminate\\Http\\Request), Object(Closure))
#12 /Users/ngunguoksiong/color-admin/admin/template/template_laravel_startup/vendor/laravel/framework/src/Illuminate/Routing/Pipeline.php(53): Illuminate\\Pipeline\\Pipeline->Illuminate\\Pipeline\\{closure}(Object(Illuminate\\Http\\Request))
#13 /Users/ngunguoksiong/color-admin/admin/template/template_laravel_startup/vendor/laravel/framework/src/Illuminate/View/Middleware/ShareErrorsFromSession.php(49): Illuminate\\Routing\\Pipeline->Illuminate\\Routing\\{closure}(Object(Illuminate\\Http\\Request))
#14 /Users/ngunguoksiong/color-admin/admin/template/template_laravel_startup/vendor/laravel/framework/src/Illuminate/Pipeline/Pipeline.php(149): Illuminate\\View\\Middleware\\ShareErrorsFromSession->handle(Object(Illuminate\\Http\\Request), Object(Closure))
#15 /Users/ngunguoksiong/color-admin/admin/template/template_laravel_startup/vendor/laravel/framework/src/Illuminate/Routing/Pipeline.php(53): Illuminate\\Pipeline\\Pipeline->Illuminate\\Pipeline\\{closure}(Object(Illuminate\\Http\\Request))
#16 /Users/ngunguoksiong/color-admin/admin/template/template_laravel_startup/vendor/laravel/framework/src/Illuminate/Session/Middleware/StartSession.php(63): Illuminate\\Routing\\Pipeline->Illuminate\\Routing\\{closure}(Object(Illuminate\\Http\\Request))
#17 /Users/ngunguoksiong/color-admin/admin/template/template_laravel_startup/vendor/laravel/framework/src/Illuminate/Pipeline/Pipeline.php(149): Illuminate\\Session\\Middleware\\StartSession->handle(Object(Illuminate\\Http\\Request), Object(Closure))
#18 /Users/ngunguoksiong/color-admin/admin/template/template_laravel_startup/vendor/laravel/framework/src/Illuminate/Routing/Pipeline.php(53): Illuminate\\Pipeline\\Pipeline->Illuminate\\Pipeline\\{closure}(Object(Illuminate\\Http\\Request))
#19 /Users/ngunguoksiong/color-admin/admin/template/template_laravel_startup/vendor/laravel/framework/src/Illuminate/Cookie/Middleware/AddQueuedCookiesToResponse.php(37): Illuminate\\Routing\\Pipeline->Illuminate\\Routing\\{closure}(Object(Illuminate\\Http\\Request))
#20 /Users/ngunguoksiong/color-admin/admin/template/template_laravel_startup/vendor/laravel/framework/src/Illuminate/Pipeline/Pipeline.php(149): Illuminate\\Cookie\\Middleware\\AddQueuedCookiesToResponse->handle(Object(Illuminate\\Http\\Request), Object(Closure))
#21 /Users/ngunguoksiong/color-admin/admin/template/template_laravel_startup/vendor/laravel/framework/src/Illuminate/Routing/Pipeline.php(53): Illuminate\\Pipeline\\Pipeline->Illuminate\\Pipeline\\{closure}(Object(Illuminate\\Http\\Request))
#22 /Users/ngunguoksiong/color-admin/admin/template/template_laravel_startup/vendor/laravel/framework/src/Illuminate/Cookie/Middleware/EncryptCookies.php(59): Illuminate\\Routing\\Pipeline->Illuminate\\Routing\\{closure}(Object(Illuminate\\Http\\Request))
#23 /Users/ngunguoksiong/color-admin/admin/template/template_laravel_startup/vendor/laravel/framework/src/Illuminate/Pipeline/Pipeline.php(149): Illuminate\\Cookie\\Middleware\\EncryptCookies->handle(Object(Illuminate\\Http\\Request), Object(Closure))
#24 /Users/ngunguoksiong/color-admin/admin/template/template_laravel_startup/vendor/laravel/framework/src/Illuminate/Routing/Pipeline.php(53): Illuminate\\Pipeline\\Pipeline->Illuminate\\Pipeline\\{closure}(Object(Illuminate\\Http\\Request))
#25 /Users/ngunguoksiong/color-admin/admin/template/template_laravel_startup/vendor/laravel/framework/src/Illuminate/Pipeline/Pipeline.php(102): Illuminate\\Routing\\Pipeline->Illuminate\\Routing\\{closure}(Object(Illuminate\\Http\\Request))
#26 /Users/ngunguoksiong/color-admin/admin/template/template_laravel_startup/vendor/laravel/framework/src/Illuminate/Routing/Router.php(661): Illuminate\\Pipeline\\Pipeline->then(Object(Closure))
#27 /Users/ngunguoksiong/color-admin/admin/template/template_laravel_startup/vendor/laravel/framework/src/Illuminate/Routing/Router.php(636): Illuminate\\Routing\\Router->runRouteWithinStack(Object(Illuminate\\Routing\\Route), Object(Illuminate\\Http\\Request))
#28 /Users/ngunguoksiong/color-admin/admin/template/template_laravel_startup/vendor/laravel/framework/src/Illuminate/Routing/Router.php(602): Illuminate\\Routing\\Router->runRoute(Object(Illuminate\\Http\\Request), Object(Illuminate\\Routing\\Route))
#29 /Users/ngunguoksiong/color-admin/admin/template/template_laravel_startup/vendor/laravel/framework/src/Illuminate/Routing/Router.php(591): Illuminate\\Routing\\Router->dispatchToRoute(Object(Illuminate\\Http\\Request))
#30 /Users/ngunguoksiong/color-admin/admin/template/template_laravel_startup/vendor/laravel/framework/src/Illuminate/Foundation/Http/Kernel.php(176): Illuminate\\Routing\\Router->dispatch(Object(Illuminate\\Http\\Request))
#31 /Users/ngunguoksiong/color-admin/admin/template/template_laravel_startup/vendor/laravel/framework/src/Illuminate/Routing/Pipeline.php(30): Illuminate\\Foundation\\Http\\Kernel->Illuminate\\Foundation\\Http\\{closure}(Object(Illuminate\\Http\\Request))
#32 /Users/ngunguoksiong/color-admin/admin/template/template_laravel_startup/vendor/laravel/framework/src/Illuminate/Foundation/Http/Middleware/TransformsRequest.php(30): Illuminate\\Routing\\Pipeline->Illuminate\\Routing\\{closure}(Object(Illuminate\\Http\\Request))
#33 /Users/ngunguoksiong/color-admin/admin/template/template_laravel_startup/vendor/laravel/framework/src/Illuminate/Pipeline/Pipeline.php(149): Illuminate\\Foundation\\Http\\Middleware\\TransformsRequest->handle(Object(Illuminate\\Http\\Request), Object(Closure))
#34 /Users/ngunguoksiong/color-admin/admin/template/template_laravel_startup/vendor/laravel/framework/src/Illuminate/Routing/Pipeline.php(53): Illuminate\\Pipeline\\Pipeline->Illuminate\\Pipeline\\{closure}(Object(Illuminate\\Http\\Request))
#35 /Users/ngunguoksiong/color-admin/admin/template/template_laravel_startup/vendor/laravel/framework/src/Illuminate/Foundation/Http/Middleware/TransformsRequest.php(30): Illuminate\\Routing\\Pipeline->Illuminate\\Routing\\{closure}(Object(Illuminate\\Http\\Request))
#36 /Users/ngunguoksiong/color-admin/admin/template/template_laravel_startup/vendor/laravel/framework/src/Illuminate/Pipeline/Pipeline.php(149): Illuminate\\Foundation\\Http\\Middleware\\TransformsRequest->handle(Object(Illuminate\\Http\\Request), Object(Closure))
#37 /Users/ngunguoksiong/color-admin/admin/template/template_laravel_startup/vendor/laravel/framework/src/Illuminate/Routing/Pipeline.php(53): Illuminate\\Pipeline\\Pipeline->Illuminate\\Pipeline\\{closure}(Object(Illuminate\\Http\\Request))
#38 /Users/ngunguoksiong/color-admin/admin/template/template_laravel_startup/vendor/laravel/framework/src/Illuminate/Foundation/Http/Middleware/ValidatePostSize.php(27): Illuminate\\Routing\\Pipeline->Illuminate\\Routing\\{closure}(Object(Illuminate\\Http\\Request))
#39 /Users/ngunguoksiong/color-admin/admin/template/template_laravel_startup/vendor/laravel/framework/src/Illuminate/Pipeline/Pipeline.php(149): Illuminate\\Foundation\\Http\\Middleware\\ValidatePostSize->handle(Object(Illuminate\\Http\\Request), Object(Closure))
#40 /Users/ngunguoksiong/color-admin/admin/template/template_laravel_startup/vendor/laravel/framework/src/Illuminate/Routing/Pipeline.php(53): Illuminate\\Pipeline\\Pipeline->Illuminate\\Pipeline\\{closure}(Object(Illuminate\\Http\\Request))
#41 /Users/ngunguoksiong/color-admin/admin/template/template_laravel_startup/vendor/laravel/framework/src/Illuminate/Foundation/Http/Middleware/CheckForMaintenanceMode.php(46): Illuminate\\Routing\\Pipeline->Illuminate\\Routing\\{closure}(Object(Illuminate\\Http\\Request))
#42 /Users/ngunguoksiong/color-admin/admin/template/template_laravel_startup/vendor/laravel/framework/src/Illuminate/Pipeline/Pipeline.php(149): Illuminate\\Foundation\\Http\\Middleware\\CheckForMaintenanceMode->handle(Object(Illuminate\\Http\\Request), Object(Closure))
#43 /Users/ngunguoksiong/color-admin/admin/template/template_laravel_startup/vendor/laravel/framework/src/Illuminate/Routing/Pipeline.php(53): Illuminate\\Pipeline\\Pipeline->Illuminate\\Pipeline\\{closure}(Object(Illuminate\\Http\\Request))
#44 /Users/ngunguoksiong/color-admin/admin/template/template_laravel_startup/vendor/laravel/framework/src/Illuminate/Pipeline/Pipeline.php(102): Illuminate\\Routing\\Pipeline->Illuminate\\Routing\\{closure}(Object(Illuminate\\Http\\Request))
#45 /Users/ngunguoksiong/color-admin/admin/template/template_laravel_startup/vendor/laravel/framework/src/Illuminate/Foundation/Http/Kernel.php(151): Illuminate\\Pipeline\\Pipeline->then(Object(Closure))
#46 /Users/ngunguoksiong/color-admin/admin/template/template_laravel_startup/vendor/laravel/framework/src/Illuminate/Foundation/Http/Kernel.php(116): Illuminate\\Foundation\\Http\\Kernel->sendRequestThroughRouter(Object(Illuminate\\Http\\Request))
#47 /Users/ngunguoksiong/color-admin/admin/template/template_laravel_startup/public/index.php(53): Illuminate\\Foundation\\Http\\Kernel->handle(Object(Illuminate\\Http\\Request))
#48 /Users/ngunguoksiong/color-admin/admin/template/template_laravel_startup/server.php(21): require_once('/Users/ngunguok...')
#49 {main}
"} 
[2018-07-24 09:55:03] laravel.ERROR: View [pages.dashboard-v2] not found. {"exception":"[object] (InvalidArgumentException(code: 0): View [pages.dashboard-v2] not found. at /Users/ngunguoksiong/color-admin/admin/template/template_laravel_startup/vendor/laravel/framework/src/Illuminate/View/FileViewFinder.php:137)
[stacktrace]
#0 /Users/ngunguoksiong/color-admin/admin/template/template_laravel_startup/vendor/laravel/framework/src/Illuminate/View/FileViewFinder.php(79): Illuminate\\View\\FileViewFinder->findInPaths('pages.dashboard...', Array)
#1 /Users/ngunguoksiong/color-admin/admin/template/template_laravel_startup/vendor/laravel/framework/src/Illuminate/View/Factory.php(128): Illuminate\\View\\FileViewFinder->find('pages.dashboard...')
#2 /Users/ngunguoksiong/color-admin/admin/template/template_laravel_startup/vendor/laravel/framework/src/Illuminate/Foundation/helpers.php(990): Illuminate\\View\\Factory->make('pages.dashboard...', Array, Array)
#3 /Users/ngunguoksiong/color-admin/admin/template/template_laravel_startup/routes/web.php(21): view('pages/dashboard...')
#4 /Users/ngunguoksiong/color-admin/admin/template/template_laravel_startup/vendor/laravel/framework/src/Illuminate/Routing/Route.php(198): Illuminate\\Routing\\Router->{closure}()
#5 /Users/ngunguoksiong/color-admin/admin/template/template_laravel_startup/vendor/laravel/framework/src/Illuminate/Routing/Route.php(172): Illuminate\\Routing\\Route->runCallable()
#6 /Users/ngunguoksiong/color-admin/admin/template/template_laravel_startup/vendor/laravel/framework/src/Illuminate/Routing/Router.php(659): Illuminate\\Routing\\Route->run()
#7 /Users/ngunguoksiong/color-admin/admin/template/template_laravel_startup/vendor/laravel/framework/src/Illuminate/Routing/Pipeline.php(30): Illuminate\\Routing\\Router->Illuminate\\Routing\\{closure}(Object(Illuminate\\Http\\Request))
#8 /Users/ngunguoksiong/color-admin/admin/template/template_laravel_startup/vendor/laravel/framework/src/Illuminate/Routing/Middleware/SubstituteBindings.php(41): Illuminate\\Routing\\Pipeline->Illuminate\\Routing\\{closure}(Object(Illuminate\\Http\\Request))
#9 /Users/ngunguoksiong/color-admin/admin/template/template_laravel_startup/vendor/laravel/framework/src/Illuminate/Pipeline/Pipeline.php(149): Illuminate\\Routing\\Middleware\\SubstituteBindings->handle(Object(Illuminate\\Http\\Request), Object(Closure))
#10 /Users/ngunguoksiong/color-admin/admin/template/template_laravel_startup/vendor/laravel/framework/src/Illuminate/Routing/Pipeline.php(53): Illuminate\\Pipeline\\Pipeline->Illuminate\\Pipeline\\{closure}(Object(Illuminate\\Http\\Request))
#11 /Users/ngunguoksiong/color-admin/admin/template/template_laravel_startup/vendor/laravel/framework/src/Illuminate/Foundation/Http/Middleware/VerifyCsrfToken.php(67): Illuminate\\Routing\\Pipeline->Illuminate\\Routing\\{closure}(Object(Illuminate\\Http\\Request))
#12 /Users/ngunguoksiong/color-admin/admin/template/template_laravel_startup/vendor/laravel/framework/src/Illuminate/Pipeline/Pipeline.php(149): Illuminate\\Foundation\\Http\\Middleware\\VerifyCsrfToken->handle(Object(Illuminate\\Http\\Request), Object(Closure))
#13 /Users/ngunguoksiong/color-admin/admin/template/template_laravel_startup/vendor/laravel/framework/src/Illuminate/Routing/Pipeline.php(53): Illuminate\\Pipeline\\Pipeline->Illuminate\\Pipeline\\{closure}(Object(Illuminate\\Http\\Request))
#14 /Users/ngunguoksiong/color-admin/admin/template/template_laravel_startup/vendor/laravel/framework/src/Illuminate/View/Middleware/ShareErrorsFromSession.php(49): Illuminate\\Routing\\Pipeline->Illuminate\\Routing\\{closure}(Object(Illuminate\\Http\\Request))
#15 /Users/ngunguoksiong/color-admin/admin/template/template_laravel_startup/vendor/laravel/framework/src/Illuminate/Pipeline/Pipeline.php(149): Illuminate\\View\\Middleware\\ShareErrorsFromSession->handle(Object(Illuminate\\Http\\Request), Object(Closure))
#16 /Users/ngunguoksiong/color-admin/admin/template/template_laravel_startup/vendor/laravel/framework/src/Illuminate/Routing/Pipeline.php(53): Illuminate\\Pipeline\\Pipeline->Illuminate\\Pipeline\\{closure}(Object(Illuminate\\Http\\Request))
#17 /Users/ngunguoksiong/color-admin/admin/template/template_laravel_startup/vendor/laravel/framework/src/Illuminate/Session/Middleware/StartSession.php(63): Illuminate\\Routing\\Pipeline->Illuminate\\Routing\\{closure}(Object(Illuminate\\Http\\Request))
#18 /Users/ngunguoksiong/color-admin/admin/template/template_laravel_startup/vendor/laravel/framework/src/Illuminate/Pipeline/Pipeline.php(149): Illuminate\\Session\\Middleware\\StartSession->handle(Object(Illuminate\\Http\\Request), Object(Closure))
#19 /Users/ngunguoksiong/color-admin/admin/template/template_laravel_startup/vendor/laravel/framework/src/Illuminate/Routing/Pipeline.php(53): Illuminate\\Pipeline\\Pipeline->Illuminate\\Pipeline\\{closure}(Object(Illuminate\\Http\\Request))
#20 /Users/ngunguoksiong/color-admin/admin/template/template_laravel_startup/vendor/laravel/framework/src/Illuminate/Cookie/Middleware/AddQueuedCookiesToResponse.php(37): Illuminate\\Routing\\Pipeline->Illuminate\\Routing\\{closure}(Object(Illuminate\\Http\\Request))
#21 /Users/ngunguoksiong/color-admin/admin/template/template_laravel_startup/vendor/laravel/framework/src/Illuminate/Pipeline/Pipeline.php(149): Illuminate\\Cookie\\Middleware\\AddQueuedCookiesToResponse->handle(Object(Illuminate\\Http\\Request), Object(Closure))
#22 /Users/ngunguoksiong/color-admin/admin/template/template_laravel_startup/vendor/laravel/framework/src/Illuminate/Routing/Pipeline.php(53): Illuminate\\Pipeline\\Pipeline->Illuminate\\Pipeline\\{closure}(Object(Illuminate\\Http\\Request))
#23 /Users/ngunguoksiong/color-admin/admin/template/template_laravel_startup/vendor/laravel/framework/src/Illuminate/Cookie/Middleware/EncryptCookies.php(59): Illuminate\\Routing\\Pipeline->Illuminate\\Routing\\{closure}(Object(Illuminate\\Http\\Request))
#24 /Users/ngunguoksiong/color-admin/admin/template/template_laravel_startup/vendor/laravel/framework/src/Illuminate/Pipeline/Pipeline.php(149): Illuminate\\Cookie\\Middleware\\EncryptCookies->handle(Object(Illuminate\\Http\\Request), Object(Closure))
#25 /Users/ngunguoksiong/color-admin/admin/template/template_laravel_startup/vendor/laravel/framework/src/Illuminate/Routing/Pipeline.php(53): Illuminate\\Pipeline\\Pipeline->Illuminate\\Pipeline\\{closure}(Object(Illuminate\\Http\\Request))
#26 /Users/ngunguoksiong/color-admin/admin/template/template_laravel_startup/vendor/laravel/framework/src/Illuminate/Pipeline/Pipeline.php(102): Illuminate\\Routing\\Pipeline->Illuminate\\Routing\\{closure}(Object(Illuminate\\Http\\Request))
#27 /Users/ngunguoksiong/color-admin/admin/template/template_laravel_startup/vendor/laravel/framework/src/Illuminate/Routing/Router.php(661): Illuminate\\Pipeline\\Pipeline->then(Object(Closure))
#28 /Users/ngunguoksiong/color-admin/admin/template/template_laravel_startup/vendor/laravel/framework/src/Illuminate/Routing/Router.php(636): Illuminate\\Routing\\Router->runRouteWithinStack(Object(Illuminate\\Routing\\Route), Object(Illuminate\\Http\\Request))
#29 /Users/ngunguoksiong/color-admin/admin/template/template_laravel_startup/vendor/laravel/framework/src/Illuminate/Routing/Router.php(602): Illuminate\\Routing\\Router->runRoute(Object(Illuminate\\Http\\Request), Object(Illuminate\\Routing\\Route))
#30 /Users/ngunguoksiong/color-admin/admin/template/template_laravel_startup/vendor/laravel/framework/src/Illuminate/Routing/Router.php(591): Illuminate\\Routing\\Router->dispatchToRoute(Object(Illuminate\\Http\\Request))
#31 /Users/ngunguoksiong/color-admin/admin/template/template_laravel_startup/vendor/laravel/framework/src/Illuminate/Foundation/Http/Kernel.php(176): Illuminate\\Routing\\Router->dispatch(Object(Illuminate\\Http\\Request))
#32 /Users/ngunguoksiong/color-admin/admin/template/template_laravel_startup/vendor/laravel/framework/src/Illuminate/Routing/Pipeline.php(30): Illuminate\\Foundation\\Http\\Kernel->Illuminate\\Foundation\\Http\\{closure}(Object(Illuminate\\Http\\Request))
#33 /Users/ngunguoksiong/color-admin/admin/template/template_laravel_startup/vendor/laravel/framework/src/Illuminate/Foundation/Http/Middleware/TransformsRequest.php(30): Illuminate\\Routing\\Pipeline->Illuminate\\Routing\\{closure}(Object(Illuminate\\Http\\Request))
#34 /Users/ngunguoksiong/color-admin/admin/template/template_laravel_startup/vendor/laravel/framework/src/Illuminate/Pipeline/Pipeline.php(149): Illuminate\\Foundation\\Http\\Middleware\\TransformsRequest->handle(Object(Illuminate\\Http\\Request), Object(Closure))
#35 /Users/ngunguoksiong/color-admin/admin/template/template_laravel_startup/vendor/laravel/framework/src/Illuminate/Routing/Pipeline.php(53): Illuminate\\Pipeline\\Pipeline->Illuminate\\Pipeline\\{closure}(Object(Illuminate\\Http\\Request))
#36 /Users/ngunguoksiong/color-admin/admin/template/template_laravel_startup/vendor/laravel/framework/src/Illuminate/Foundation/Http/Middleware/TransformsRequest.php(30): Illuminate\\Routing\\Pipeline->Illuminate\\Routing\\{closure}(Object(Illuminate\\Http\\Request))
#37 /Users/ngunguoksiong/color-admin/admin/template/template_laravel_startup/vendor/laravel/framework/src/Illuminate/Pipeline/Pipeline.php(149): Illuminate\\Foundation\\Http\\Middleware\\TransformsRequest->handle(Object(Illuminate\\Http\\Request), Object(Closure))
#38 /Users/ngunguoksiong/color-admin/admin/template/template_laravel_startup/vendor/laravel/framework/src/Illuminate/Routing/Pipeline.php(53): Illuminate\\Pipeline\\Pipeline->Illuminate\\Pipeline\\{closure}(Object(Illuminate\\Http\\Request))
#39 /Users/ngunguoksiong/color-admin/admin/template/template_laravel_startup/vendor/laravel/framework/src/Illuminate/Foundation/Http/Middleware/ValidatePostSize.php(27): Illuminate\\Routing\\Pipeline->Illuminate\\Routing\\{closure}(Object(Illuminate\\Http\\Request))
#40 /Users/ngunguoksiong/color-admin/admin/template/template_laravel_startup/vendor/laravel/framework/src/Illuminate/Pipeline/Pipeline.php(149): Illuminate\\Foundation\\Http\\Middleware\\ValidatePostSize->handle(Object(Illuminate\\Http\\Request), Object(Closure))
#41 /Users/ngunguoksiong/color-admin/admin/template/template_laravel_startup/vendor/laravel/framework/src/Illuminate/Routing/Pipeline.php(53): Illuminate\\Pipeline\\Pipeline->Illuminate\\Pipeline\\{closure}(Object(Illuminate\\Http\\Request))
#42 /Users/ngunguoksiong/color-admin/admin/template/template_laravel_startup/vendor/laravel/framework/src/Illuminate/Foundation/Http/Middleware/CheckForMaintenanceMode.php(46): Illuminate\\Routing\\Pipeline->Illuminate\\Routing\\{closure}(Object(Illuminate\\Http\\Request))
#43 /Users/ngunguoksiong/color-admin/admin/template/template_laravel_startup/vendor/laravel/framework/src/Illuminate/Pipeline/Pipeline.php(149): Illuminate\\Foundation\\Http\\Middleware\\CheckForMaintenanceMode->handle(Object(Illuminate\\Http\\Request), Object(Closure))
#44 /Users/ngunguoksiong/color-admin/admin/template/template_laravel_startup/vendor/laravel/framework/src/Illuminate/Routing/Pipeline.php(53): Illuminate\\Pipeline\\Pipeline->Illuminate\\Pipeline\\{closure}(Object(Illuminate\\Http\\Request))
#45 /Users/ngunguoksiong/color-admin/admin/template/template_laravel_startup/vendor/laravel/framework/src/Illuminate/Pipeline/Pipeline.php(102): Illuminate\\Routing\\Pipeline->Illuminate\\Routing\\{closure}(Object(Illuminate\\Http\\Request))
#46 /Users/ngunguoksiong/color-admin/admin/template/template_laravel_startup/vendor/laravel/framework/src/Illuminate/Foundation/Http/Kernel.php(151): Illuminate\\Pipeline\\Pipeline->then(Object(Closure))
#47 /Users/ngunguoksiong/color-admin/admin/template/template_laravel_startup/vendor/laravel/framework/src/Illuminate/Foundation/Http/Kernel.php(116): Illuminate\\Foundation\\Http\\Kernel->sendRequestThroughRouter(Object(Illuminate\\Http\\Request))
#48 /Users/ngunguoksiong/color-admin/admin/template/template_laravel_startup/public/index.php(53): Illuminate\\Foundation\\Http\\Kernel->handle(Object(Illuminate\\Http\\Request))
#49 /Users/ngunguoksiong/color-admin/admin/template/template_laravel_startup/server.php(21): require_once('/Users/ngunguok...')
#50 {main}
"} 
[2018-07-24 09:55:24] laravel.EMERGENCY: Unable to create configured logger. Using emergency logger. {"exception":"[object] (InvalidArgumentException(code: 0): Log [] is not defined. at /Users/ngunguoksiong/color-admin/admin/template/template_laravel_startup/vendor/laravel/framework/src/Illuminate/Log/LogManager.php:181)
[stacktrace]
#0 /Users/ngunguoksiong/color-admin/admin/template/template_laravel_startup/vendor/laravel/framework/src/Illuminate/Log/LogManager.php(115): Illuminate\\Log\\LogManager->resolve(NULL)
#1 /Users/ngunguoksiong/color-admin/admin/template/template_laravel_startup/vendor/laravel/framework/src/Illuminate/Log/LogManager.php(103): Illuminate\\Log\\LogManager->get(NULL)
#2 /Users/ngunguoksiong/color-admin/admin/template/template_laravel_startup/vendor/laravel/framework/src/Illuminate/Log/LogManager.php(519): Illuminate\\Log\\LogManager->driver()
#3 /Users/ngunguoksiong/color-admin/admin/template/template_laravel_startup/vendor/laravel/framework/src/Illuminate/Foundation/Exceptions/Handler.php(113): Illuminate\\Log\\LogManager->error('View [pages.das...', Array)
#4 /Users/ngunguoksiong/color-admin/admin/template/template_laravel_startup/app/Exceptions/Handler.php(35): Illuminate\\Foundation\\Exceptions\\Handler->report(Object(InvalidArgumentException))
#5 /Users/ngunguoksiong/color-admin/admin/template/template_laravel_startup/vendor/laravel/framework/src/Illuminate/Routing/Pipeline.php(81): App\\Exceptions\\Handler->report(Object(InvalidArgumentException))
#6 /Users/ngunguoksiong/color-admin/admin/template/template_laravel_startup/vendor/laravel/framework/src/Illuminate/Routing/Pipeline.php(32): Illuminate\\Routing\\Pipeline->handleException(Object(Illuminate\\Http\\Request), Object(InvalidArgumentException))
#7 /Users/ngunguoksiong/color-admin/admin/template/template_laravel_startup/vendor/laravel/framework/src/Illuminate/Routing/Middleware/SubstituteBindings.php(41): Illuminate\\Routing\\Pipeline->Illuminate\\Routing\\{closure}(Object(Illuminate\\Http\\Request))
#8 /Users/ngunguoksiong/color-admin/admin/template/template_laravel_startup/vendor/laravel/framework/src/Illuminate/Pipeline/Pipeline.php(149): Illuminate\\Routing\\Middleware\\SubstituteBindings->handle(Object(Illuminate\\Http\\Request), Object(Closure))
#9 /Users/ngunguoksiong/color-admin/admin/template/template_laravel_startup/vendor/laravel/framework/src/Illuminate/Routing/Pipeline.php(53): Illuminate\\Pipeline\\Pipeline->Illuminate\\Pipeline\\{closure}(Object(Illuminate\\Http\\Request))
#10 /Users/ngunguoksiong/color-admin/admin/template/template_laravel_startup/vendor/laravel/framework/src/Illuminate/Foundation/Http/Middleware/VerifyCsrfToken.php(67): Illuminate\\Routing\\Pipeline->Illuminate\\Routing\\{closure}(Object(Illuminate\\Http\\Request))
#11 /Users/ngunguoksiong/color-admin/admin/template/template_laravel_startup/vendor/laravel/framework/src/Illuminate/Pipeline/Pipeline.php(149): Illuminate\\Foundation\\Http\\Middleware\\VerifyCsrfToken->handle(Object(Illuminate\\Http\\Request), Object(Closure))
#12 /Users/ngunguoksiong/color-admin/admin/template/template_laravel_startup/vendor/laravel/framework/src/Illuminate/Routing/Pipeline.php(53): Illuminate\\Pipeline\\Pipeline->Illuminate\\Pipeline\\{closure}(Object(Illuminate\\Http\\Request))
#13 /Users/ngunguoksiong/color-admin/admin/template/template_laravel_startup/vendor/laravel/framework/src/Illuminate/View/Middleware/ShareErrorsFromSession.php(49): Illuminate\\Routing\\Pipeline->Illuminate\\Routing\\{closure}(Object(Illuminate\\Http\\Request))
#14 /Users/ngunguoksiong/color-admin/admin/template/template_laravel_startup/vendor/laravel/framework/src/Illuminate/Pipeline/Pipeline.php(149): Illuminate\\View\\Middleware\\ShareErrorsFromSession->handle(Object(Illuminate\\Http\\Request), Object(Closure))
#15 /Users/ngunguoksiong/color-admin/admin/template/template_laravel_startup/vendor/laravel/framework/src/Illuminate/Routing/Pipeline.php(53): Illuminate\\Pipeline\\Pipeline->Illuminate\\Pipeline\\{closure}(Object(Illuminate\\Http\\Request))
#16 /Users/ngunguoksiong/color-admin/admin/template/template_laravel_startup/vendor/laravel/framework/src/Illuminate/Session/Middleware/StartSession.php(63): Illuminate\\Routing\\Pipeline->Illuminate\\Routing\\{closure}(Object(Illuminate\\Http\\Request))
#17 /Users/ngunguoksiong/color-admin/admin/template/template_laravel_startup/vendor/laravel/framework/src/Illuminate/Pipeline/Pipeline.php(149): Illuminate\\Session\\Middleware\\StartSession->handle(Object(Illuminate\\Http\\Request), Object(Closure))
#18 /Users/ngunguoksiong/color-admin/admin/template/template_laravel_startup/vendor/laravel/framework/src/Illuminate/Routing/Pipeline.php(53): Illuminate\\Pipeline\\Pipeline->Illuminate\\Pipeline\\{closure}(Object(Illuminate\\Http\\Request))
#19 /Users/ngunguoksiong/color-admin/admin/template/template_laravel_startup/vendor/laravel/framework/src/Illuminate/Cookie/Middleware/AddQueuedCookiesToResponse.php(37): Illuminate\\Routing\\Pipeline->Illuminate\\Routing\\{closure}(Object(Illuminate\\Http\\Request))
#20 /Users/ngunguoksiong/color-admin/admin/template/template_laravel_startup/vendor/laravel/framework/src/Illuminate/Pipeline/Pipeline.php(149): Illuminate\\Cookie\\Middleware\\AddQueuedCookiesToResponse->handle(Object(Illuminate\\Http\\Request), Object(Closure))
#21 /Users/ngunguoksiong/color-admin/admin/template/template_laravel_startup/vendor/laravel/framework/src/Illuminate/Routing/Pipeline.php(53): Illuminate\\Pipeline\\Pipeline->Illuminate\\Pipeline\\{closure}(Object(Illuminate\\Http\\Request))
#22 /Users/ngunguoksiong/color-admin/admin/template/template_laravel_startup/vendor/laravel/framework/src/Illuminate/Cookie/Middleware/EncryptCookies.php(59): Illuminate\\Routing\\Pipeline->Illuminate\\Routing\\{closure}(Object(Illuminate\\Http\\Request))
#23 /Users/ngunguoksiong/color-admin/admin/template/template_laravel_startup/vendor/laravel/framework/src/Illuminate/Pipeline/Pipeline.php(149): Illuminate\\Cookie\\Middleware\\EncryptCookies->handle(Object(Illuminate\\Http\\Request), Object(Closure))
#24 /Users/ngunguoksiong/color-admin/admin/template/template_laravel_startup/vendor/laravel/framework/src/Illuminate/Routing/Pipeline.php(53): Illuminate\\Pipeline\\Pipeline->Illuminate\\Pipeline\\{closure}(Object(Illuminate\\Http\\Request))
#25 /Users/ngunguoksiong/color-admin/admin/template/template_laravel_startup/vendor/laravel/framework/src/Illuminate/Pipeline/Pipeline.php(102): Illuminate\\Routing\\Pipeline->Illuminate\\Routing\\{closure}(Object(Illuminate\\Http\\Request))
#26 /Users/ngunguoksiong/color-admin/admin/template/template_laravel_startup/vendor/laravel/framework/src/Illuminate/Routing/Router.php(661): Illuminate\\Pipeline\\Pipeline->then(Object(Closure))
#27 /Users/ngunguoksiong/color-admin/admin/template/template_laravel_startup/vendor/laravel/framework/src/Illuminate/Routing/Router.php(636): Illuminate\\Routing\\Router->runRouteWithinStack(Object(Illuminate\\Routing\\Route), Object(Illuminate\\Http\\Request))
#28 /Users/ngunguoksiong/color-admin/admin/template/template_laravel_startup/vendor/laravel/framework/src/Illuminate/Routing/Router.php(602): Illuminate\\Routing\\Router->runRoute(Object(Illuminate\\Http\\Request), Object(Illuminate\\Routing\\Route))
#29 /Users/ngunguoksiong/color-admin/admin/template/template_laravel_startup/vendor/laravel/framework/src/Illuminate/Routing/Router.php(591): Illuminate\\Routing\\Router->dispatchToRoute(Object(Illuminate\\Http\\Request))
#30 /Users/ngunguoksiong/color-admin/admin/template/template_laravel_startup/vendor/laravel/framework/src/Illuminate/Foundation/Http/Kernel.php(176): Illuminate\\Routing\\Router->dispatch(Object(Illuminate\\Http\\Request))
#31 /Users/ngunguoksiong/color-admin/admin/template/template_laravel_startup/vendor/laravel/framework/src/Illuminate/Routing/Pipeline.php(30): Illuminate\\Foundation\\Http\\Kernel->Illuminate\\Foundation\\Http\\{closure}(Object(Illuminate\\Http\\Request))
#32 /Users/ngunguoksiong/color-admin/admin/template/template_laravel_startup/vendor/laravel/framework/src/Illuminate/Foundation/Http/Middleware/TransformsRequest.php(30): Illuminate\\Routing\\Pipeline->Illuminate\\Routing\\{closure}(Object(Illuminate\\Http\\Request))
#33 /Users/ngunguoksiong/color-admin/admin/template/template_laravel_startup/vendor/laravel/framework/src/Illuminate/Pipeline/Pipeline.php(149): Illuminate\\Foundation\\Http\\Middleware\\TransformsRequest->handle(Object(Illuminate\\Http\\Request), Object(Closure))
#34 /Users/ngunguoksiong/color-admin/admin/template/template_laravel_startup/vendor/laravel/framework/src/Illuminate/Routing/Pipeline.php(53): Illuminate\\Pipeline\\Pipeline->Illuminate\\Pipeline\\{closure}(Object(Illuminate\\Http\\Request))
#35 /Users/ngunguoksiong/color-admin/admin/template/template_laravel_startup/vendor/laravel/framework/src/Illuminate/Foundation/Http/Middleware/TransformsRequest.php(30): Illuminate\\Routing\\Pipeline->Illuminate\\Routing\\{closure}(Object(Illuminate\\Http\\Request))
#36 /Users/ngunguoksiong/color-admin/admin/template/template_laravel_startup/vendor/laravel/framework/src/Illuminate/Pipeline/Pipeline.php(149): Illuminate\\Foundation\\Http\\Middleware\\TransformsRequest->handle(Object(Illuminate\\Http\\Request), Object(Closure))
#37 /Users/ngunguoksiong/color-admin/admin/template/template_laravel_startup/vendor/laravel/framework/src/Illuminate/Routing/Pipeline.php(53): Illuminate\\Pipeline\\Pipeline->Illuminate\\Pipeline\\{closure}(Object(Illuminate\\Http\\Request))
#38 /Users/ngunguoksiong/color-admin/admin/template/template_laravel_startup/vendor/laravel/framework/src/Illuminate/Foundation/Http/Middleware/ValidatePostSize.php(27): Illuminate\\Routing\\Pipeline->Illuminate\\Routing\\{closure}(Object(Illuminate\\Http\\Request))
#39 /Users/ngunguoksiong/color-admin/admin/template/template_laravel_startup/vendor/laravel/framework/src/Illuminate/Pipeline/Pipeline.php(149): Illuminate\\Foundation\\Http\\Middleware\\ValidatePostSize->handle(Object(Illuminate\\Http\\Request), Object(Closure))
#40 /Users/ngunguoksiong/color-admin/admin/template/template_laravel_startup/vendor/laravel/framework/src/Illuminate/Routing/Pipeline.php(53): Illuminate\\Pipeline\\Pipeline->Illuminate\\Pipeline\\{closure}(Object(Illuminate\\Http\\Request))
#41 /Users/ngunguoksiong/color-admin/admin/template/template_laravel_startup/vendor/laravel/framework/src/Illuminate/Foundation/Http/Middleware/CheckForMaintenanceMode.php(46): Illuminate\\Routing\\Pipeline->Illuminate\\Routing\\{closure}(Object(Illuminate\\Http\\Request))
#42 /Users/ngunguoksiong/color-admin/admin/template/template_laravel_startup/vendor/laravel/framework/src/Illuminate/Pipeline/Pipeline.php(149): Illuminate\\Foundation\\Http\\Middleware\\CheckForMaintenanceMode->handle(Object(Illuminate\\Http\\Request), Object(Closure))
#43 /Users/ngunguoksiong/color-admin/admin/template/template_laravel_startup/vendor/laravel/framework/src/Illuminate/Routing/Pipeline.php(53): Illuminate\\Pipeline\\Pipeline->Illuminate\\Pipeline\\{closure}(Object(Illuminate\\Http\\Request))
#44 /Users/ngunguoksiong/color-admin/admin/template/template_laravel_startup/vendor/laravel/framework/src/Illuminate/Pipeline/Pipeline.php(102): Illuminate\\Routing\\Pipeline->Illuminate\\Routing\\{closure}(Object(Illuminate\\Http\\Request))
#45 /Users/ngunguoksiong/color-admin/admin/template/template_laravel_startup/vendor/laravel/framework/src/Illuminate/Foundation/Http/Kernel.php(151): Illuminate\\Pipeline\\Pipeline->then(Object(Closure))
#46 /Users/ngunguoksiong/color-admin/admin/template/template_laravel_startup/vendor/laravel/framework/src/Illuminate/Foundation/Http/Kernel.php(116): Illuminate\\Foundation\\Http\\Kernel->sendRequestThroughRouter(Object(Illuminate\\Http\\Request))
#47 /Users/ngunguoksiong/color-admin/admin/template/template_laravel_startup/public/index.php(53): Illuminate\\Foundation\\Http\\Kernel->handle(Object(Illuminate\\Http\\Request))
#48 /Users/ngunguoksiong/color-admin/admin/template/template_laravel_startup/server.php(21): require_once('/Users/ngunguok...')
#49 {main}
"} 
[2018-07-24 09:55:24] laravel.ERROR: View [pages.dashboard-v2] not found. {"exception":"[object] (InvalidArgumentException(code: 0): View [pages.dashboard-v2] not found. at /Users/ngunguoksiong/color-admin/admin/template/template_laravel_startup/vendor/laravel/framework/src/Illuminate/View/FileViewFinder.php:137)
[stacktrace]
#0 /Users/ngunguoksiong/color-admin/admin/template/template_laravel_startup/vendor/laravel/framework/src/Illuminate/View/FileViewFinder.php(79): Illuminate\\View\\FileViewFinder->findInPaths('pages.dashboard...', Array)
#1 /Users/ngunguoksiong/color-admin/admin/template/template_laravel_startup/vendor/laravel/framework/src/Illuminate/View/Factory.php(128): Illuminate\\View\\FileViewFinder->find('pages.dashboard...')
#2 /Users/ngunguoksiong/color-admin/admin/template/template_laravel_startup/vendor/laravel/framework/src/Illuminate/Foundation/helpers.php(990): Illuminate\\View\\Factory->make('pages.dashboard...', Array, Array)
#3 /Users/ngunguoksiong/color-admin/admin/template/template_laravel_startup/routes/web.php(21): view('pages/dashboard...')
#4 /Users/ngunguoksiong/color-admin/admin/template/template_laravel_startup/vendor/laravel/framework/src/Illuminate/Routing/Route.php(198): Illuminate\\Routing\\Router->{closure}()
#5 /Users/ngunguoksiong/color-admin/admin/template/template_laravel_startup/vendor/laravel/framework/src/Illuminate/Routing/Route.php(172): Illuminate\\Routing\\Route->runCallable()
#6 /Users/ngunguoksiong/color-admin/admin/template/template_laravel_startup/vendor/laravel/framework/src/Illuminate/Routing/Router.php(659): Illuminate\\Routing\\Route->run()
#7 /Users/ngunguoksiong/color-admin/admin/template/template_laravel_startup/vendor/laravel/framework/src/Illuminate/Routing/Pipeline.php(30): Illuminate\\Routing\\Router->Illuminate\\Routing\\{closure}(Object(Illuminate\\Http\\Request))
#8 /Users/ngunguoksiong/color-admin/admin/template/template_laravel_startup/vendor/laravel/framework/src/Illuminate/Routing/Middleware/SubstituteBindings.php(41): Illuminate\\Routing\\Pipeline->Illuminate\\Routing\\{closure}(Object(Illuminate\\Http\\Request))
#9 /Users/ngunguoksiong/color-admin/admin/template/template_laravel_startup/vendor/laravel/framework/src/Illuminate/Pipeline/Pipeline.php(149): Illuminate\\Routing\\Middleware\\SubstituteBindings->handle(Object(Illuminate\\Http\\Request), Object(Closure))
#10 /Users/ngunguoksiong/color-admin/admin/template/template_laravel_startup/vendor/laravel/framework/src/Illuminate/Routing/Pipeline.php(53): Illuminate\\Pipeline\\Pipeline->Illuminate\\Pipeline\\{closure}(Object(Illuminate\\Http\\Request))
#11 /Users/ngunguoksiong/color-admin/admin/template/template_laravel_startup/vendor/laravel/framework/src/Illuminate/Foundation/Http/Middleware/VerifyCsrfToken.php(67): Illuminate\\Routing\\Pipeline->Illuminate\\Routing\\{closure}(Object(Illuminate\\Http\\Request))
#12 /Users/ngunguoksiong/color-admin/admin/template/template_laravel_startup/vendor/laravel/framework/src/Illuminate/Pipeline/Pipeline.php(149): Illuminate\\Foundation\\Http\\Middleware\\VerifyCsrfToken->handle(Object(Illuminate\\Http\\Request), Object(Closure))
#13 /Users/ngunguoksiong/color-admin/admin/template/template_laravel_startup/vendor/laravel/framework/src/Illuminate/Routing/Pipeline.php(53): Illuminate\\Pipeline\\Pipeline->Illuminate\\Pipeline\\{closure}(Object(Illuminate\\Http\\Request))
#14 /Users/ngunguoksiong/color-admin/admin/template/template_laravel_startup/vendor/laravel/framework/src/Illuminate/View/Middleware/ShareErrorsFromSession.php(49): Illuminate\\Routing\\Pipeline->Illuminate\\Routing\\{closure}(Object(Illuminate\\Http\\Request))
#15 /Users/ngunguoksiong/color-admin/admin/template/template_laravel_startup/vendor/laravel/framework/src/Illuminate/Pipeline/Pipeline.php(149): Illuminate\\View\\Middleware\\ShareErrorsFromSession->handle(Object(Illuminate\\Http\\Request), Object(Closure))
#16 /Users/ngunguoksiong/color-admin/admin/template/template_laravel_startup/vendor/laravel/framework/src/Illuminate/Routing/Pipeline.php(53): Illuminate\\Pipeline\\Pipeline->Illuminate\\Pipeline\\{closure}(Object(Illuminate\\Http\\Request))
#17 /Users/ngunguoksiong/color-admin/admin/template/template_laravel_startup/vendor/laravel/framework/src/Illuminate/Session/Middleware/StartSession.php(63): Illuminate\\Routing\\Pipeline->Illuminate\\Routing\\{closure}(Object(Illuminate\\Http\\Request))
#18 /Users/ngunguoksiong/color-admin/admin/template/template_laravel_startup/vendor/laravel/framework/src/Illuminate/Pipeline/Pipeline.php(149): Illuminate\\Session\\Middleware\\StartSession->handle(Object(Illuminate\\Http\\Request), Object(Closure))
#19 /Users/ngunguoksiong/color-admin/admin/template/template_laravel_startup/vendor/laravel/framework/src/Illuminate/Routing/Pipeline.php(53): Illuminate\\Pipeline\\Pipeline->Illuminate\\Pipeline\\{closure}(Object(Illuminate\\Http\\Request))
#20 /Users/ngunguoksiong/color-admin/admin/template/template_laravel_startup/vendor/laravel/framework/src/Illuminate/Cookie/Middleware/AddQueuedCookiesToResponse.php(37): Illuminate\\Routing\\Pipeline->Illuminate\\Routing\\{closure}(Object(Illuminate\\Http\\Request))
#21 /Users/ngunguoksiong/color-admin/admin/template/template_laravel_startup/vendor/laravel/framework/src/Illuminate/Pipeline/Pipeline.php(149): Illuminate\\Cookie\\Middleware\\AddQueuedCookiesToResponse->handle(Object(Illuminate\\Http\\Request), Object(Closure))
#22 /Users/ngunguoksiong/color-admin/admin/template/template_laravel_startup/vendor/laravel/framework/src/Illuminate/Routing/Pipeline.php(53): Illuminate\\Pipeline\\Pipeline->Illuminate\\Pipeline\\{closure}(Object(Illuminate\\Http\\Request))
#23 /Users/ngunguoksiong/color-admin/admin/template/template_laravel_startup/vendor/laravel/framework/src/Illuminate/Cookie/Middleware/EncryptCookies.php(59): Illuminate\\Routing\\Pipeline->Illuminate\\Routing\\{closure}(Object(Illuminate\\Http\\Request))
#24 /Users/ngunguoksiong/color-admin/admin/template/template_laravel_startup/vendor/laravel/framework/src/Illuminate/Pipeline/Pipeline.php(149): Illuminate\\Cookie\\Middleware\\EncryptCookies->handle(Object(Illuminate\\Http\\Request), Object(Closure))
#25 /Users/ngunguoksiong/color-admin/admin/template/template_laravel_startup/vendor/laravel/framework/src/Illuminate/Routing/Pipeline.php(53): Illuminate\\Pipeline\\Pipeline->Illuminate\\Pipeline\\{closure}(Object(Illuminate\\Http\\Request))
#26 /Users/ngunguoksiong/color-admin/admin/template/template_laravel_startup/vendor/laravel/framework/src/Illuminate/Pipeline/Pipeline.php(102): Illuminate\\Routing\\Pipeline->Illuminate\\Routing\\{closure}(Object(Illuminate\\Http\\Request))
#27 /Users/ngunguoksiong/color-admin/admin/template/template_laravel_startup/vendor/laravel/framework/src/Illuminate/Routing/Router.php(661): Illuminate\\Pipeline\\Pipeline->then(Object(Closure))
#28 /Users/ngunguoksiong/color-admin/admin/template/template_laravel_startup/vendor/laravel/framework/src/Illuminate/Routing/Router.php(636): Illuminate\\Routing\\Router->runRouteWithinStack(Object(Illuminate\\Routing\\Route), Object(Illuminate\\Http\\Request))
#29 /Users/ngunguoksiong/color-admin/admin/template/template_laravel_startup/vendor/laravel/framework/src/Illuminate/Routing/Router.php(602): Illuminate\\Routing\\Router->runRoute(Object(Illuminate\\Http\\Request), Object(Illuminate\\Routing\\Route))
#30 /Users/ngunguoksiong/color-admin/admin/template/template_laravel_startup/vendor/laravel/framework/src/Illuminate/Routing/Router.php(591): Illuminate\\Routing\\Router->dispatchToRoute(Object(Illuminate\\Http\\Request))
#31 /Users/ngunguoksiong/color-admin/admin/template/template_laravel_startup/vendor/laravel/framework/src/Illuminate/Foundation/Http/Kernel.php(176): Illuminate\\Routing\\Router->dispatch(Object(Illuminate\\Http\\Request))
#32 /Users/ngunguoksiong/color-admin/admin/template/template_laravel_startup/vendor/laravel/framework/src/Illuminate/Routing/Pipeline.php(30): Illuminate\\Foundation\\Http\\Kernel->Illuminate\\Foundation\\Http\\{closure}(Object(Illuminate\\Http\\Request))
#33 /Users/ngunguoksiong/color-admin/admin/template/template_laravel_startup/vendor/laravel/framework/src/Illuminate/Foundation/Http/Middleware/TransformsRequest.php(30): Illuminate\\Routing\\Pipeline->Illuminate\\Routing\\{closure}(Object(Illuminate\\Http\\Request))
#34 /Users/ngunguoksiong/color-admin/admin/template/template_laravel_startup/vendor/laravel/framework/src/Illuminate/Pipeline/Pipeline.php(149): Illuminate\\Foundation\\Http\\Middleware\\TransformsRequest->handle(Object(Illuminate\\Http\\Request), Object(Closure))
#35 /Users/ngunguoksiong/color-admin/admin/template/template_laravel_startup/vendor/laravel/framework/src/Illuminate/Routing/Pipeline.php(53): Illuminate\\Pipeline\\Pipeline->Illuminate\\Pipeline\\{closure}(Object(Illuminate\\Http\\Request))
#36 /Users/ngunguoksiong/color-admin/admin/template/template_laravel_startup/vendor/laravel/framework/src/Illuminate/Foundation/Http/Middleware/TransformsRequest.php(30): Illuminate\\Routing\\Pipeline->Illuminate\\Routing\\{closure}(Object(Illuminate\\Http\\Request))
#37 /Users/ngunguoksiong/color-admin/admin/template/template_laravel_startup/vendor/laravel/framework/src/Illuminate/Pipeline/Pipeline.php(149): Illuminate\\Foundation\\Http\\Middleware\\TransformsRequest->handle(Object(Illuminate\\Http\\Request), Object(Closure))
#38 /Users/ngunguoksiong/color-admin/admin/template/template_laravel_startup/vendor/laravel/framework/src/Illuminate/Routing/Pipeline.php(53): Illuminate\\Pipeline\\Pipeline->Illuminate\\Pipeline\\{closure}(Object(Illuminate\\Http\\Request))
#39 /Users/ngunguoksiong/color-admin/admin/template/template_laravel_startup/vendor/laravel/framework/src/Illuminate/Foundation/Http/Middleware/ValidatePostSize.php(27): Illuminate\\Routing\\Pipeline->Illuminate\\Routing\\{closure}(Object(Illuminate\\Http\\Request))
#40 /Users/ngunguoksiong/color-admin/admin/template/template_laravel_startup/vendor/laravel/framework/src/Illuminate/Pipeline/Pipeline.php(149): Illuminate\\Foundation\\Http\\Middleware\\ValidatePostSize->handle(Object(Illuminate\\Http\\Request), Object(Closure))
#41 /Users/ngunguoksiong/color-admin/admin/template/template_laravel_startup/vendor/laravel/framework/src/Illuminate/Routing/Pipeline.php(53): Illuminate\\Pipeline\\Pipeline->Illuminate\\Pipeline\\{closure}(Object(Illuminate\\Http\\Request))
#42 /Users/ngunguoksiong/color-admin/admin/template/template_laravel_startup/vendor/laravel/framework/src/Illuminate/Foundation/Http/Middleware/CheckForMaintenanceMode.php(46): Illuminate\\Routing\\Pipeline->Illuminate\\Routing\\{closure}(Object(Illuminate\\Http\\Request))
#43 /Users/ngunguoksiong/color-admin/admin/template/template_laravel_startup/vendor/laravel/framework/src/Illuminate/Pipeline/Pipeline.php(149): Illuminate\\Foundation\\Http\\Middleware\\CheckForMaintenanceMode->handle(Object(Illuminate\\Http\\Request), Object(Closure))
#44 /Users/ngunguoksiong/color-admin/admin/template/template_laravel_startup/vendor/laravel/framework/src/Illuminate/Routing/Pipeline.php(53): Illuminate\\Pipeline\\Pipeline->Illuminate\\Pipeline\\{closure}(Object(Illuminate\\Http\\Request))
#45 /Users/ngunguoksiong/color-admin/admin/template/template_laravel_startup/vendor/laravel/framework/src/Illuminate/Pipeline/Pipeline.php(102): Illuminate\\Routing\\Pipeline->Illuminate\\Routing\\{closure}(Object(Illuminate\\Http\\Request))
#46 /Users/ngunguoksiong/color-admin/admin/template/template_laravel_startup/vendor/laravel/framework/src/Illuminate/Foundation/Http/Kernel.php(151): Illuminate\\Pipeline\\Pipeline->then(Object(Closure))
#47 /Users/ngunguoksiong/color-admin/admin/template/template_laravel_startup/vendor/laravel/framework/src/Illuminate/Foundation/Http/Kernel.php(116): Illuminate\\Foundation\\Http\\Kernel->sendRequestThroughRouter(Object(Illuminate\\Http\\Request))
#48 /Users/ngunguoksiong/color-admin/admin/template/template_laravel_startup/public/index.php(53): Illuminate\\Foundation\\Http\\Kernel->handle(Object(Illuminate\\Http\\Request))
#49 /Users/ngunguoksiong/color-admin/admin/template/template_laravel_startup/server.php(21): require_once('/Users/ngunguok...')
#50 {main}
"} 
[2018-07-24 09:56:57] laravel.EMERGENCY: Unable to create configured logger. Using emergency logger. {"exception":"[object] (InvalidArgumentException(code: 0): Log [] is not defined. at /Users/ngunguoksiong/color-admin/admin/template/template_laravel_startup/vendor/laravel/framework/src/Illuminate/Log/LogManager.php:181)
[stacktrace]
#0 /Users/ngunguoksiong/color-admin/admin/template/template_laravel_startup/vendor/laravel/framework/src/Illuminate/Log/LogManager.php(115): Illuminate\\Log\\LogManager->resolve(NULL)
#1 /Users/ngunguoksiong/color-admin/admin/template/template_laravel_startup/vendor/laravel/framework/src/Illuminate/Log/LogManager.php(103): Illuminate\\Log\\LogManager->get(NULL)
#2 /Users/ngunguoksiong/color-admin/admin/template/template_laravel_startup/vendor/laravel/framework/src/Illuminate/Log/LogManager.php(519): Illuminate\\Log\\LogManager->driver()
#3 /Users/ngunguoksiong/color-admin/admin/template/template_laravel_startup/vendor/laravel/framework/src/Illuminate/Foundation/Exceptions/Handler.php(113): Illuminate\\Log\\LogManager->error('Parse error: sy...', Array)
#4 /Users/ngunguoksiong/color-admin/admin/template/template_laravel_startup/app/Exceptions/Handler.php(35): Illuminate\\Foundation\\Exceptions\\Handler->report(Object(Symfony\\Component\\Debug\\Exception\\FatalThrowableError))
#5 /Users/ngunguoksiong/color-admin/admin/template/template_laravel_startup/vendor/laravel/framework/src/Illuminate/Foundation/Http/Kernel.php(314): App\\Exceptions\\Handler->report(Object(Symfony\\Component\\Debug\\Exception\\FatalThrowableError))
#6 /Users/ngunguoksiong/color-admin/admin/template/template_laravel_startup/vendor/laravel/framework/src/Illuminate/Foundation/Http/Kernel.php(122): Illuminate\\Foundation\\Http\\Kernel->reportException(Object(Symfony\\Component\\Debug\\Exception\\FatalThrowableError))
#7 /Users/ngunguoksiong/color-admin/admin/template/template_laravel_startup/public/index.php(53): Illuminate\\Foundation\\Http\\Kernel->handle(Object(Illuminate\\Http\\Request))
#8 /Users/ngunguoksiong/color-admin/admin/template/template_laravel_startup/server.php(21): require_once('/Users/ngunguok...')
#9 {main}
"} 
[2018-07-24 09:56:57] laravel.ERROR: Parse error: syntax error, unexpected ';', expecting ']' {"exception":"[object] (Symfony\\Component\\Debug\\Exception\\FatalThrowableError(code: 0): Parse error: syntax error, unexpected ';', expecting ']' at /Users/ngunguoksiong/color-admin/admin/template/template_laravel_startup/config/sidebar.php:58)
[stacktrace]
#0 /Users/ngunguoksiong/color-admin/admin/template/template_laravel_startup/vendor/laravel/framework/src/Illuminate/Foundation/Bootstrap/LoadConfiguration.php(39): Illuminate\\Foundation\\Bootstrap\\LoadConfiguration->loadConfigurationFiles(Object(Illuminate\\Foundation\\Application), Object(Illuminate\\Config\\Repository))
#1 /Users/ngunguoksiong/color-admin/admin/template/template_laravel_startup/vendor/laravel/framework/src/Illuminate/Foundation/Application.php(206): Illuminate\\Foundation\\Bootstrap\\LoadConfiguration->bootstrap(Object(Illuminate\\Foundation\\Application))
#2 /Users/ngunguoksiong/color-admin/admin/template/template_laravel_startup/vendor/laravel/framework/src/Illuminate/Foundation/Http/Kernel.php(162): Illuminate\\Foundation\\Application->bootstrapWith(Array)
#3 /Users/ngunguoksiong/color-admin/admin/template/template_laravel_startup/vendor/laravel/framework/src/Illuminate/Foundation/Http/Kernel.php(146): Illuminate\\Foundation\\Http\\Kernel->bootstrap()
#4 /Users/ngunguoksiong/color-admin/admin/template/template_laravel_startup/vendor/laravel/framework/src/Illuminate/Foundation/Http/Kernel.php(116): Illuminate\\Foundation\\Http\\Kernel->sendRequestThroughRouter(Object(Illuminate\\Http\\Request))
#5 /Users/ngunguoksiong/color-admin/admin/template/template_laravel_startup/public/index.php(53): Illuminate\\Foundation\\Http\\Kernel->handle(Object(Illuminate\\Http\\Request))
#6 /Users/ngunguoksiong/color-admin/admin/template/template_laravel_startup/server.php(21): require_once('/Users/ngunguok...')
#7 {main}
"} 
[2018-07-24 09:56:59] laravel.EMERGENCY: Unable to create configured logger. Using emergency logger. {"exception":"[object] (InvalidArgumentException(code: 0): Log [] is not defined. at /Users/ngunguoksiong/color-admin/admin/template/template_laravel_startup/vendor/laravel/framework/src/Illuminate/Log/LogManager.php:181)
[stacktrace]
#0 /Users/ngunguoksiong/color-admin/admin/template/template_laravel_startup/vendor/laravel/framework/src/Illuminate/Log/LogManager.php(115): Illuminate\\Log\\LogManager->resolve(NULL)
#1 /Users/ngunguoksiong/color-admin/admin/template/template_laravel_startup/vendor/laravel/framework/src/Illuminate/Log/LogManager.php(103): Illuminate\\Log\\LogManager->get(NULL)
#2 /Users/ngunguoksiong/color-admin/admin/template/template_laravel_startup/vendor/laravel/framework/src/Illuminate/Log/LogManager.php(519): Illuminate\\Log\\LogManager->driver()
#3 /Users/ngunguoksiong/color-admin/admin/template/template_laravel_startup/vendor/laravel/framework/src/Illuminate/Foundation/Exceptions/Handler.php(113): Illuminate\\Log\\LogManager->error('Parse error: sy...', Array)
#4 /Users/ngunguoksiong/color-admin/admin/template/template_laravel_startup/app/Exceptions/Handler.php(35): Illuminate\\Foundation\\Exceptions\\Handler->report(Object(Symfony\\Component\\Debug\\Exception\\FatalThrowableError))
#5 /Users/ngunguoksiong/color-admin/admin/template/template_laravel_startup/vendor/laravel/framework/src/Illuminate/Foundation/Http/Kernel.php(314): App\\Exceptions\\Handler->report(Object(Symfony\\Component\\Debug\\Exception\\FatalThrowableError))
#6 /Users/ngunguoksiong/color-admin/admin/template/template_laravel_startup/vendor/laravel/framework/src/Illuminate/Foundation/Http/Kernel.php(122): Illuminate\\Foundation\\Http\\Kernel->reportException(Object(Symfony\\Component\\Debug\\Exception\\FatalThrowableError))
#7 /Users/ngunguoksiong/color-admin/admin/template/template_laravel_startup/public/index.php(53): Illuminate\\Foundation\\Http\\Kernel->handle(Object(Illuminate\\Http\\Request))
#8 /Users/ngunguoksiong/color-admin/admin/template/template_laravel_startup/server.php(21): require_once('/Users/ngunguok...')
#9 {main}
"} 
[2018-07-24 09:56:59] laravel.ERROR: Parse error: syntax error, unexpected ';', expecting ']' {"exception":"[object] (Symfony\\Component\\Debug\\Exception\\FatalThrowableError(code: 0): Parse error: syntax error, unexpected ';', expecting ']' at /Users/ngunguoksiong/color-admin/admin/template/template_laravel_startup/config/sidebar.php:58)
[stacktrace]
#0 /Users/ngunguoksiong/color-admin/admin/template/template_laravel_startup/vendor/laravel/framework/src/Illuminate/Foundation/Bootstrap/LoadConfiguration.php(39): Illuminate\\Foundation\\Bootstrap\\LoadConfiguration->loadConfigurationFiles(Object(Illuminate\\Foundation\\Application), Object(Illuminate\\Config\\Repository))
#1 /Users/ngunguoksiong/color-admin/admin/template/template_laravel_startup/vendor/laravel/framework/src/Illuminate/Foundation/Application.php(206): Illuminate\\Foundation\\Bootstrap\\LoadConfiguration->bootstrap(Object(Illuminate\\Foundation\\Application))
#2 /Users/ngunguoksiong/color-admin/admin/template/template_laravel_startup/vendor/laravel/framework/src/Illuminate/Foundation/Http/Kernel.php(162): Illuminate\\Foundation\\Application->bootstrapWith(Array)
#3 /Users/ngunguoksiong/color-admin/admin/template/template_laravel_startup/vendor/laravel/framework/src/Illuminate/Foundation/Http/Kernel.php(146): Illuminate\\Foundation\\Http\\Kernel->bootstrap()
#4 /Users/ngunguoksiong/color-admin/admin/template/template_laravel_startup/vendor/laravel/framework/src/Illuminate/Foundation/Http/Kernel.php(116): Illuminate\\Foundation\\Http\\Kernel->sendRequestThroughRouter(Object(Illuminate\\Http\\Request))
#5 /Users/ngunguoksiong/color-admin/admin/template/template_laravel_startup/public/index.php(53): Illuminate\\Foundation\\Http\\Kernel->handle(Object(Illuminate\\Http\\Request))
#6 /Users/ngunguoksiong/color-admin/admin/template/template_laravel_startup/server.php(21): require_once('/Users/ngunguok...')
#7 {main}
"} 
[2018-07-24 09:57:16] laravel.EMERGENCY: Unable to create configured logger. Using emergency logger. {"exception":"[object] (InvalidArgumentException(code: 0): Log [] is not defined. at /Users/ngunguoksiong/color-admin/admin/template/template_laravel_startup/vendor/laravel/framework/src/Illuminate/Log/LogManager.php:181)
[stacktrace]
#0 /Users/ngunguoksiong/color-admin/admin/template/template_laravel_startup/vendor/laravel/framework/src/Illuminate/Log/LogManager.php(115): Illuminate\\Log\\LogManager->resolve(NULL)
#1 /Users/ngunguoksiong/color-admin/admin/template/template_laravel_startup/vendor/laravel/framework/src/Illuminate/Log/LogManager.php(103): Illuminate\\Log\\LogManager->get(NULL)
#2 /Users/ngunguoksiong/color-admin/admin/template/template_laravel_startup/vendor/laravel/framework/src/Illuminate/Log/LogManager.php(519): Illuminate\\Log\\LogManager->driver()
#3 /Users/ngunguoksiong/color-admin/admin/template/template_laravel_startup/vendor/laravel/framework/src/Illuminate/Foundation/Exceptions/Handler.php(113): Illuminate\\Log\\LogManager->error('View [pages.das...', Array)
#4 /Users/ngunguoksiong/color-admin/admin/template/template_laravel_startup/app/Exceptions/Handler.php(35): Illuminate\\Foundation\\Exceptions\\Handler->report(Object(InvalidArgumentException))
#5 /Users/ngunguoksiong/color-admin/admin/template/template_laravel_startup/vendor/laravel/framework/src/Illuminate/Routing/Pipeline.php(81): App\\Exceptions\\Handler->report(Object(InvalidArgumentException))
#6 /Users/ngunguoksiong/color-admin/admin/template/template_laravel_startup/vendor/laravel/framework/src/Illuminate/Routing/Pipeline.php(32): Illuminate\\Routing\\Pipeline->handleException(Object(Illuminate\\Http\\Request), Object(InvalidArgumentException))
#7 /Users/ngunguoksiong/color-admin/admin/template/template_laravel_startup/vendor/laravel/framework/src/Illuminate/Routing/Middleware/SubstituteBindings.php(41): Illuminate\\Routing\\Pipeline->Illuminate\\Routing\\{closure}(Object(Illuminate\\Http\\Request))
#8 /Users/ngunguoksiong/color-admin/admin/template/template_laravel_startup/vendor/laravel/framework/src/Illuminate/Pipeline/Pipeline.php(149): Illuminate\\Routing\\Middleware\\SubstituteBindings->handle(Object(Illuminate\\Http\\Request), Object(Closure))
#9 /Users/ngunguoksiong/color-admin/admin/template/template_laravel_startup/vendor/laravel/framework/src/Illuminate/Routing/Pipeline.php(53): Illuminate\\Pipeline\\Pipeline->Illuminate\\Pipeline\\{closure}(Object(Illuminate\\Http\\Request))
#10 /Users/ngunguoksiong/color-admin/admin/template/template_laravel_startup/vendor/laravel/framework/src/Illuminate/Foundation/Http/Middleware/VerifyCsrfToken.php(67): Illuminate\\Routing\\Pipeline->Illuminate\\Routing\\{closure}(Object(Illuminate\\Http\\Request))
#11 /Users/ngunguoksiong/color-admin/admin/template/template_laravel_startup/vendor/laravel/framework/src/Illuminate/Pipeline/Pipeline.php(149): Illuminate\\Foundation\\Http\\Middleware\\VerifyCsrfToken->handle(Object(Illuminate\\Http\\Request), Object(Closure))
#12 /Users/ngunguoksiong/color-admin/admin/template/template_laravel_startup/vendor/laravel/framework/src/Illuminate/Routing/Pipeline.php(53): Illuminate\\Pipeline\\Pipeline->Illuminate\\Pipeline\\{closure}(Object(Illuminate\\Http\\Request))
#13 /Users/ngunguoksiong/color-admin/admin/template/template_laravel_startup/vendor/laravel/framework/src/Illuminate/View/Middleware/ShareErrorsFromSession.php(49): Illuminate\\Routing\\Pipeline->Illuminate\\Routing\\{closure}(Object(Illuminate\\Http\\Request))
#14 /Users/ngunguoksiong/color-admin/admin/template/template_laravel_startup/vendor/laravel/framework/src/Illuminate/Pipeline/Pipeline.php(149): Illuminate\\View\\Middleware\\ShareErrorsFromSession->handle(Object(Illuminate\\Http\\Request), Object(Closure))
#15 /Users/ngunguoksiong/color-admin/admin/template/template_laravel_startup/vendor/laravel/framework/src/Illuminate/Routing/Pipeline.php(53): Illuminate\\Pipeline\\Pipeline->Illuminate\\Pipeline\\{closure}(Object(Illuminate\\Http\\Request))
#16 /Users/ngunguoksiong/color-admin/admin/template/template_laravel_startup/vendor/laravel/framework/src/Illuminate/Session/Middleware/StartSession.php(63): Illuminate\\Routing\\Pipeline->Illuminate\\Routing\\{closure}(Object(Illuminate\\Http\\Request))
#17 /Users/ngunguoksiong/color-admin/admin/template/template_laravel_startup/vendor/laravel/framework/src/Illuminate/Pipeline/Pipeline.php(149): Illuminate\\Session\\Middleware\\StartSession->handle(Object(Illuminate\\Http\\Request), Object(Closure))
#18 /Users/ngunguoksiong/color-admin/admin/template/template_laravel_startup/vendor/laravel/framework/src/Illuminate/Routing/Pipeline.php(53): Illuminate\\Pipeline\\Pipeline->Illuminate\\Pipeline\\{closure}(Object(Illuminate\\Http\\Request))
#19 /Users/ngunguoksiong/color-admin/admin/template/template_laravel_startup/vendor/laravel/framework/src/Illuminate/Cookie/Middleware/AddQueuedCookiesToResponse.php(37): Illuminate\\Routing\\Pipeline->Illuminate\\Routing\\{closure}(Object(Illuminate\\Http\\Request))
#20 /Users/ngunguoksiong/color-admin/admin/template/template_laravel_startup/vendor/laravel/framework/src/Illuminate/Pipeline/Pipeline.php(149): Illuminate\\Cookie\\Middleware\\AddQueuedCookiesToResponse->handle(Object(Illuminate\\Http\\Request), Object(Closure))
#21 /Users/ngunguoksiong/color-admin/admin/template/template_laravel_startup/vendor/laravel/framework/src/Illuminate/Routing/Pipeline.php(53): Illuminate\\Pipeline\\Pipeline->Illuminate\\Pipeline\\{closure}(Object(Illuminate\\Http\\Request))
#22 /Users/ngunguoksiong/color-admin/admin/template/template_laravel_startup/vendor/laravel/framework/src/Illuminate/Cookie/Middleware/EncryptCookies.php(59): Illuminate\\Routing\\Pipeline->Illuminate\\Routing\\{closure}(Object(Illuminate\\Http\\Request))
#23 /Users/ngunguoksiong/color-admin/admin/template/template_laravel_startup/vendor/laravel/framework/src/Illuminate/Pipeline/Pipeline.php(149): Illuminate\\Cookie\\Middleware\\EncryptCookies->handle(Object(Illuminate\\Http\\Request), Object(Closure))
#24 /Users/ngunguoksiong/color-admin/admin/template/template_laravel_startup/vendor/laravel/framework/src/Illuminate/Routing/Pipeline.php(53): Illuminate\\Pipeline\\Pipeline->Illuminate\\Pipeline\\{closure}(Object(Illuminate\\Http\\Request))
#25 /Users/ngunguoksiong/color-admin/admin/template/template_laravel_startup/vendor/laravel/framework/src/Illuminate/Pipeline/Pipeline.php(102): Illuminate\\Routing\\Pipeline->Illuminate\\Routing\\{closure}(Object(Illuminate\\Http\\Request))
#26 /Users/ngunguoksiong/color-admin/admin/template/template_laravel_startup/vendor/laravel/framework/src/Illuminate/Routing/Router.php(661): Illuminate\\Pipeline\\Pipeline->then(Object(Closure))
#27 /Users/ngunguoksiong/color-admin/admin/template/template_laravel_startup/vendor/laravel/framework/src/Illuminate/Routing/Router.php(636): Illuminate\\Routing\\Router->runRouteWithinStack(Object(Illuminate\\Routing\\Route), Object(Illuminate\\Http\\Request))
#28 /Users/ngunguoksiong/color-admin/admin/template/template_laravel_startup/vendor/laravel/framework/src/Illuminate/Routing/Router.php(602): Illuminate\\Routing\\Router->runRoute(Object(Illuminate\\Http\\Request), Object(Illuminate\\Routing\\Route))
#29 /Users/ngunguoksiong/color-admin/admin/template/template_laravel_startup/vendor/laravel/framework/src/Illuminate/Routing/Router.php(591): Illuminate\\Routing\\Router->dispatchToRoute(Object(Illuminate\\Http\\Request))
#30 /Users/ngunguoksiong/color-admin/admin/template/template_laravel_startup/vendor/laravel/framework/src/Illuminate/Foundation/Http/Kernel.php(176): Illuminate\\Routing\\Router->dispatch(Object(Illuminate\\Http\\Request))
#31 /Users/ngunguoksiong/color-admin/admin/template/template_laravel_startup/vendor/laravel/framework/src/Illuminate/Routing/Pipeline.php(30): Illuminate\\Foundation\\Http\\Kernel->Illuminate\\Foundation\\Http\\{closure}(Object(Illuminate\\Http\\Request))
#32 /Users/ngunguoksiong/color-admin/admin/template/template_laravel_startup/vendor/laravel/framework/src/Illuminate/Foundation/Http/Middleware/TransformsRequest.php(30): Illuminate\\Routing\\Pipeline->Illuminate\\Routing\\{closure}(Object(Illuminate\\Http\\Request))
#33 /Users/ngunguoksiong/color-admin/admin/template/template_laravel_startup/vendor/laravel/framework/src/Illuminate/Pipeline/Pipeline.php(149): Illuminate\\Foundation\\Http\\Middleware\\TransformsRequest->handle(Object(Illuminate\\Http\\Request), Object(Closure))
#34 /Users/ngunguoksiong/color-admin/admin/template/template_laravel_startup/vendor/laravel/framework/src/Illuminate/Routing/Pipeline.php(53): Illuminate\\Pipeline\\Pipeline->Illuminate\\Pipeline\\{closure}(Object(Illuminate\\Http\\Request))
#35 /Users/ngunguoksiong/color-admin/admin/template/template_laravel_startup/vendor/laravel/framework/src/Illuminate/Foundation/Http/Middleware/TransformsRequest.php(30): Illuminate\\Routing\\Pipeline->Illuminate\\Routing\\{closure}(Object(Illuminate\\Http\\Request))
#36 /Users/ngunguoksiong/color-admin/admin/template/template_laravel_startup/vendor/laravel/framework/src/Illuminate/Pipeline/Pipeline.php(149): Illuminate\\Foundation\\Http\\Middleware\\TransformsRequest->handle(Object(Illuminate\\Http\\Request), Object(Closure))
#37 /Users/ngunguoksiong/color-admin/admin/template/template_laravel_startup/vendor/laravel/framework/src/Illuminate/Routing/Pipeline.php(53): Illuminate\\Pipeline\\Pipeline->Illuminate\\Pipeline\\{closure}(Object(Illuminate\\Http\\Request))
#38 /Users/ngunguoksiong/color-admin/admin/template/template_laravel_startup/vendor/laravel/framework/src/Illuminate/Foundation/Http/Middleware/ValidatePostSize.php(27): Illuminate\\Routing\\Pipeline->Illuminate\\Routing\\{closure}(Object(Illuminate\\Http\\Request))
#39 /Users/ngunguoksiong/color-admin/admin/template/template_laravel_startup/vendor/laravel/framework/src/Illuminate/Pipeline/Pipeline.php(149): Illuminate\\Foundation\\Http\\Middleware\\ValidatePostSize->handle(Object(Illuminate\\Http\\Request), Object(Closure))
#40 /Users/ngunguoksiong/color-admin/admin/template/template_laravel_startup/vendor/laravel/framework/src/Illuminate/Routing/Pipeline.php(53): Illuminate\\Pipeline\\Pipeline->Illuminate\\Pipeline\\{closure}(Object(Illuminate\\Http\\Request))
#41 /Users/ngunguoksiong/color-admin/admin/template/template_laravel_startup/vendor/laravel/framework/src/Illuminate/Foundation/Http/Middleware/CheckForMaintenanceMode.php(46): Illuminate\\Routing\\Pipeline->Illuminate\\Routing\\{closure}(Object(Illuminate\\Http\\Request))
#42 /Users/ngunguoksiong/color-admin/admin/template/template_laravel_startup/vendor/laravel/framework/src/Illuminate/Pipeline/Pipeline.php(149): Illuminate\\Foundation\\Http\\Middleware\\CheckForMaintenanceMode->handle(Object(Illuminate\\Http\\Request), Object(Closure))
#43 /Users/ngunguoksiong/color-admin/admin/template/template_laravel_startup/vendor/laravel/framework/src/Illuminate/Routing/Pipeline.php(53): Illuminate\\Pipeline\\Pipeline->Illuminate\\Pipeline\\{closure}(Object(Illuminate\\Http\\Request))
#44 /Users/ngunguoksiong/color-admin/admin/template/template_laravel_startup/vendor/laravel/framework/src/Illuminate/Pipeline/Pipeline.php(102): Illuminate\\Routing\\Pipeline->Illuminate\\Routing\\{closure}(Object(Illuminate\\Http\\Request))
#45 /Users/ngunguoksiong/color-admin/admin/template/template_laravel_startup/vendor/laravel/framework/src/Illuminate/Foundation/Http/Kernel.php(151): Illuminate\\Pipeline\\Pipeline->then(Object(Closure))
#46 /Users/ngunguoksiong/color-admin/admin/template/template_laravel_startup/vendor/laravel/framework/src/Illuminate/Foundation/Http/Kernel.php(116): Illuminate\\Foundation\\Http\\Kernel->sendRequestThroughRouter(Object(Illuminate\\Http\\Request))
#47 /Users/ngunguoksiong/color-admin/admin/template/template_laravel_startup/public/index.php(53): Illuminate\\Foundation\\Http\\Kernel->handle(Object(Illuminate\\Http\\Request))
#48 /Users/ngunguoksiong/color-admin/admin/template/template_laravel_startup/server.php(21): require_once('/Users/ngunguok...')
#49 {main}
"} 
[2018-07-24 09:57:16] laravel.ERROR: View [pages.dashboard-v2] not found. {"exception":"[object] (InvalidArgumentException(code: 0): View [pages.dashboard-v2] not found. at /Users/ngunguoksiong/color-admin/admin/template/template_laravel_startup/vendor/laravel/framework/src/Illuminate/View/FileViewFinder.php:137)
[stacktrace]
#0 /Users/ngunguoksiong/color-admin/admin/template/template_laravel_startup/vendor/laravel/framework/src/Illuminate/View/FileViewFinder.php(79): Illuminate\\View\\FileViewFinder->findInPaths('pages.dashboard...', Array)
#1 /Users/ngunguoksiong/color-admin/admin/template/template_laravel_startup/vendor/laravel/framework/src/Illuminate/View/Factory.php(128): Illuminate\\View\\FileViewFinder->find('pages.dashboard...')
#2 /Users/ngunguoksiong/color-admin/admin/template/template_laravel_startup/vendor/laravel/framework/src/Illuminate/Foundation/helpers.php(990): Illuminate\\View\\Factory->make('pages.dashboard...', Array, Array)
#3 /Users/ngunguoksiong/color-admin/admin/template/template_laravel_startup/routes/web.php(21): view('pages/dashboard...')
#4 /Users/ngunguoksiong/color-admin/admin/template/template_laravel_startup/vendor/laravel/framework/src/Illuminate/Routing/Route.php(198): Illuminate\\Routing\\Router->{closure}()
#5 /Users/ngunguoksiong/color-admin/admin/template/template_laravel_startup/vendor/laravel/framework/src/Illuminate/Routing/Route.php(172): Illuminate\\Routing\\Route->runCallable()
#6 /Users/ngunguoksiong/color-admin/admin/template/template_laravel_startup/vendor/laravel/framework/src/Illuminate/Routing/Router.php(659): Illuminate\\Routing\\Route->run()
#7 /Users/ngunguoksiong/color-admin/admin/template/template_laravel_startup/vendor/laravel/framework/src/Illuminate/Routing/Pipeline.php(30): Illuminate\\Routing\\Router->Illuminate\\Routing\\{closure}(Object(Illuminate\\Http\\Request))
#8 /Users/ngunguoksiong/color-admin/admin/template/template_laravel_startup/vendor/laravel/framework/src/Illuminate/Routing/Middleware/SubstituteBindings.php(41): Illuminate\\Routing\\Pipeline->Illuminate\\Routing\\{closure}(Object(Illuminate\\Http\\Request))
#9 /Users/ngunguoksiong/color-admin/admin/template/template_laravel_startup/vendor/laravel/framework/src/Illuminate/Pipeline/Pipeline.php(149): Illuminate\\Routing\\Middleware\\SubstituteBindings->handle(Object(Illuminate\\Http\\Request), Object(Closure))
#10 /Users/ngunguoksiong/color-admin/admin/template/template_laravel_startup/vendor/laravel/framework/src/Illuminate/Routing/Pipeline.php(53): Illuminate\\Pipeline\\Pipeline->Illuminate\\Pipeline\\{closure}(Object(Illuminate\\Http\\Request))
#11 /Users/ngunguoksiong/color-admin/admin/template/template_laravel_startup/vendor/laravel/framework/src/Illuminate/Foundation/Http/Middleware/VerifyCsrfToken.php(67): Illuminate\\Routing\\Pipeline->Illuminate\\Routing\\{closure}(Object(Illuminate\\Http\\Request))
#12 /Users/ngunguoksiong/color-admin/admin/template/template_laravel_startup/vendor/laravel/framework/src/Illuminate/Pipeline/Pipeline.php(149): Illuminate\\Foundation\\Http\\Middleware\\VerifyCsrfToken->handle(Object(Illuminate\\Http\\Request), Object(Closure))
#13 /Users/ngunguoksiong/color-admin/admin/template/template_laravel_startup/vendor/laravel/framework/src/Illuminate/Routing/Pipeline.php(53): Illuminate\\Pipeline\\Pipeline->Illuminate\\Pipeline\\{closure}(Object(Illuminate\\Http\\Request))
#14 /Users/ngunguoksiong/color-admin/admin/template/template_laravel_startup/vendor/laravel/framework/src/Illuminate/View/Middleware/ShareErrorsFromSession.php(49): Illuminate\\Routing\\Pipeline->Illuminate\\Routing\\{closure}(Object(Illuminate\\Http\\Request))
#15 /Users/ngunguoksiong/color-admin/admin/template/template_laravel_startup/vendor/laravel/framework/src/Illuminate/Pipeline/Pipeline.php(149): Illuminate\\View\\Middleware\\ShareErrorsFromSession->handle(Object(Illuminate\\Http\\Request), Object(Closure))
#16 /Users/ngunguoksiong/color-admin/admin/template/template_laravel_startup/vendor/laravel/framework/src/Illuminate/Routing/Pipeline.php(53): Illuminate\\Pipeline\\Pipeline->Illuminate\\Pipeline\\{closure}(Object(Illuminate\\Http\\Request))
#17 /Users/ngunguoksiong/color-admin/admin/template/template_laravel_startup/vendor/laravel/framework/src/Illuminate/Session/Middleware/StartSession.php(63): Illuminate\\Routing\\Pipeline->Illuminate\\Routing\\{closure}(Object(Illuminate\\Http\\Request))
#18 /Users/ngunguoksiong/color-admin/admin/template/template_laravel_startup/vendor/laravel/framework/src/Illuminate/Pipeline/Pipeline.php(149): Illuminate\\Session\\Middleware\\StartSession->handle(Object(Illuminate\\Http\\Request), Object(Closure))
#19 /Users/ngunguoksiong/color-admin/admin/template/template_laravel_startup/vendor/laravel/framework/src/Illuminate/Routing/Pipeline.php(53): Illuminate\\Pipeline\\Pipeline->Illuminate\\Pipeline\\{closure}(Object(Illuminate\\Http\\Request))
#20 /Users/ngunguoksiong/color-admin/admin/template/template_laravel_startup/vendor/laravel/framework/src/Illuminate/Cookie/Middleware/AddQueuedCookiesToResponse.php(37): Illuminate\\Routing\\Pipeline->Illuminate\\Routing\\{closure}(Object(Illuminate\\Http\\Request))
#21 /Users/ngunguoksiong/color-admin/admin/template/template_laravel_startup/vendor/laravel/framework/src/Illuminate/Pipeline/Pipeline.php(149): Illuminate\\Cookie\\Middleware\\AddQueuedCookiesToResponse->handle(Object(Illuminate\\Http\\Request), Object(Closure))
#22 /Users/ngunguoksiong/color-admin/admin/template/template_laravel_startup/vendor/laravel/framework/src/Illuminate/Routing/Pipeline.php(53): Illuminate\\Pipeline\\Pipeline->Illuminate\\Pipeline\\{closure}(Object(Illuminate\\Http\\Request))
#23 /Users/ngunguoksiong/color-admin/admin/template/template_laravel_startup/vendor/laravel/framework/src/Illuminate/Cookie/Middleware/EncryptCookies.php(59): Illuminate\\Routing\\Pipeline->Illuminate\\Routing\\{closure}(Object(Illuminate\\Http\\Request))
#24 /Users/ngunguoksiong/color-admin/admin/template/template_laravel_startup/vendor/laravel/framework/src/Illuminate/Pipeline/Pipeline.php(149): Illuminate\\Cookie\\Middleware\\EncryptCookies->handle(Object(Illuminate\\Http\\Request), Object(Closure))
#25 /Users/ngunguoksiong/color-admin/admin/template/template_laravel_startup/vendor/laravel/framework/src/Illuminate/Routing/Pipeline.php(53): Illuminate\\Pipeline\\Pipeline->Illuminate\\Pipeline\\{closure}(Object(Illuminate\\Http\\Request))
#26 /Users/ngunguoksiong/color-admin/admin/template/template_laravel_startup/vendor/laravel/framework/src/Illuminate/Pipeline/Pipeline.php(102): Illuminate\\Routing\\Pipeline->Illuminate\\Routing\\{closure}(Object(Illuminate\\Http\\Request))
#27 /Users/ngunguoksiong/color-admin/admin/template/template_laravel_startup/vendor/laravel/framework/src/Illuminate/Routing/Router.php(661): Illuminate\\Pipeline\\Pipeline->then(Object(Closure))
#28 /Users/ngunguoksiong/color-admin/admin/template/template_laravel_startup/vendor/laravel/framework/src/Illuminate/Routing/Router.php(636): Illuminate\\Routing\\Router->runRouteWithinStack(Object(Illuminate\\Routing\\Route), Object(Illuminate\\Http\\Request))
#29 /Users/ngunguoksiong/color-admin/admin/template/template_laravel_startup/vendor/laravel/framework/src/Illuminate/Routing/Router.php(602): Illuminate\\Routing\\Router->runRoute(Object(Illuminate\\Http\\Request), Object(Illuminate\\Routing\\Route))
#30 /Users/ngunguoksiong/color-admin/admin/template/template_laravel_startup/vendor/laravel/framework/src/Illuminate/Routing/Router.php(591): Illuminate\\Routing\\Router->dispatchToRoute(Object(Illuminate\\Http\\Request))
#31 /Users/ngunguoksiong/color-admin/admin/template/template_laravel_startup/vendor/laravel/framework/src/Illuminate/Foundation/Http/Kernel.php(176): Illuminate\\Routing\\Router->dispatch(Object(Illuminate\\Http\\Request))
#32 /Users/ngunguoksiong/color-admin/admin/template/template_laravel_startup/vendor/laravel/framework/src/Illuminate/Routing/Pipeline.php(30): Illuminate\\Foundation\\Http\\Kernel->Illuminate\\Foundation\\Http\\{closure}(Object(Illuminate\\Http\\Request))
#33 /Users/ngunguoksiong/color-admin/admin/template/template_laravel_startup/vendor/laravel/framework/src/Illuminate/Foundation/Http/Middleware/TransformsRequest.php(30): Illuminate\\Routing\\Pipeline->Illuminate\\Routing\\{closure}(Object(Illuminate\\Http\\Request))
#34 /Users/ngunguoksiong/color-admin/admin/template/template_laravel_startup/vendor/laravel/framework/src/Illuminate/Pipeline/Pipeline.php(149): Illuminate\\Foundation\\Http\\Middleware\\TransformsRequest->handle(Object(Illuminate\\Http\\Request), Object(Closure))
#35 /Users/ngunguoksiong/color-admin/admin/template/template_laravel_startup/vendor/laravel/framework/src/Illuminate/Routing/Pipeline.php(53): Illuminate\\Pipeline\\Pipeline->Illuminate\\Pipeline\\{closure}(Object(Illuminate\\Http\\Request))
#36 /Users/ngunguoksiong/color-admin/admin/template/template_laravel_startup/vendor/laravel/framework/src/Illuminate/Foundation/Http/Middleware/TransformsRequest.php(30): Illuminate\\Routing\\Pipeline->Illuminate\\Routing\\{closure}(Object(Illuminate\\Http\\Request))
#37 /Users/ngunguoksiong/color-admin/admin/template/template_laravel_startup/vendor/laravel/framework/src/Illuminate/Pipeline/Pipeline.php(149): Illuminate\\Foundation\\Http\\Middleware\\TransformsRequest->handle(Object(Illuminate\\Http\\Request), Object(Closure))
#38 /Users/ngunguoksiong/color-admin/admin/template/template_laravel_startup/vendor/laravel/framework/src/Illuminate/Routing/Pipeline.php(53): Illuminate\\Pipeline\\Pipeline->Illuminate\\Pipeline\\{closure}(Object(Illuminate\\Http\\Request))
#39 /Users/ngunguoksiong/color-admin/admin/template/template_laravel_startup/vendor/laravel/framework/src/Illuminate/Foundation/Http/Middleware/ValidatePostSize.php(27): Illuminate\\Routing\\Pipeline->Illuminate\\Routing\\{closure}(Object(Illuminate\\Http\\Request))
#40 /Users/ngunguoksiong/color-admin/admin/template/template_laravel_startup/vendor/laravel/framework/src/Illuminate/Pipeline/Pipeline.php(149): Illuminate\\Foundation\\Http\\Middleware\\ValidatePostSize->handle(Object(Illuminate\\Http\\Request), Object(Closure))
#41 /Users/ngunguoksiong/color-admin/admin/template/template_laravel_startup/vendor/laravel/framework/src/Illuminate/Routing/Pipeline.php(53): Illuminate\\Pipeline\\Pipeline->Illuminate\\Pipeline\\{closure}(Object(Illuminate\\Http\\Request))
#42 /Users/ngunguoksiong/color-admin/admin/template/template_laravel_startup/vendor/laravel/framework/src/Illuminate/Foundation/Http/Middleware/CheckForMaintenanceMode.php(46): Illuminate\\Routing\\Pipeline->Illuminate\\Routing\\{closure}(Object(Illuminate\\Http\\Request))
#43 /Users/ngunguoksiong/color-admin/admin/template/template_laravel_startup/vendor/laravel/framework/src/Illuminate/Pipeline/Pipeline.php(149): Illuminate\\Foundation\\Http\\Middleware\\CheckForMaintenanceMode->handle(Object(Illuminate\\Http\\Request), Object(Closure))
#44 /Users/ngunguoksiong/color-admin/admin/template/template_laravel_startup/vendor/laravel/framework/src/Illuminate/Routing/Pipeline.php(53): Illuminate\\Pipeline\\Pipeline->Illuminate\\Pipeline\\{closure}(Object(Illuminate\\Http\\Request))
#45 /Users/ngunguoksiong/color-admin/admin/template/template_laravel_startup/vendor/laravel/framework/src/Illuminate/Pipeline/Pipeline.php(102): Illuminate\\Routing\\Pipeline->Illuminate\\Routing\\{closure}(Object(Illuminate\\Http\\Request))
#46 /Users/ngunguoksiong/color-admin/admin/template/template_laravel_startup/vendor/laravel/framework/src/Illuminate/Foundation/Http/Kernel.php(151): Illuminate\\Pipeline\\Pipeline->then(Object(Closure))
#47 /Users/ngunguoksiong/color-admin/admin/template/template_laravel_startup/vendor/laravel/framework/src/Illuminate/Foundation/Http/Kernel.php(116): Illuminate\\Foundation\\Http\\Kernel->sendRequestThroughRouter(Object(Illuminate\\Http\\Request))
#48 /Users/ngunguoksiong/color-admin/admin/template/template_laravel_startup/public/index.php(53): Illuminate\\Foundation\\Http\\Kernel->handle(Object(Illuminate\\Http\\Request))
#49 /Users/ngunguoksiong/color-admin/admin/template/template_laravel_startup/server.php(21): require_once('/Users/ngunguok...')
#50 {main}
"} 
